#
# There is insufficient memory for the Java Runtime Environment to continue.
# Native memory allocation (malloc) failed to allocate 32744 bytes for ChunkPool::allocate
# Possible reasons:
#   The system is out of physical RAM or swap space
#   The process is running with CompressedOops enabled, and the Java Heap may be blocking the growth of the native heap
# Possible solutions:
#   Reduce memory load on the system
#   Increase physical memory or swap space
#   Check if swap backing store is full
#   Decrease Java heap size (-Xmx/-Xms)
#   Decrease number of Java threads
#   Decrease Java thread stack sizes (-Xss)
#   Set larger code cache with -XX:ReservedCodeCacheSize=
#   JVM is running with Unscaled Compressed Oops mode in which the Java heap is
#     placed in the first 4GB address space. The Java Heap base address is the
#     maximum limit for the native heap growth. Please use -XX:HeapBaseMinAddress
#     to set the Java Heap base and to place the Java Heap above 4GB virtual address.
# This output file may be truncated or incomplete.
#
#  Out of Memory Error (allocation.cpp:272), pid=10904, tid=0x00000000000028b0
#
# JRE version: OpenJDK Runtime Environment (8.0_202-b03) (build 1.8.0_202-release-1483-b03)
# Java VM: OpenJDK 64-Bit Server VM (25.202-b03 mixed mode windows-amd64 compressed oops)
# Failed to write core dump. Minidumps are not enabled by default on client versions of Windows
#

---------------  T H R E A D  ---------------

Current thread (0x0000000015fba000):  JavaThread "C2 CompilerThread0" daemon [_thread_in_native, id=10416, stack(0x0000000016ff0000,0x00000000170f0000)]

Stack: [0x0000000016ff0000,0x00000000170f0000]
[error occurred during error reporting (printing stack bounds), id 0xc0000005]

Native frames: (J=compiled Java code, j=interpreted, Vv=VM code, C=native code)


Current CompileTask:
C2:11510133 19150 % !   4       com.android.tools.r8.dex.c::b @ 13 (2274 bytes)


---------------  P R O C E S S  ---------------

Java Threads: ( => current thread )
  0x000000001c136800 JavaThread "ForkJoinPool-7-worker-0" daemon [_thread_in_Java, id=14484, stack(0x0000000029780000,0x0000000029880000)]
  0x000000001c134800 JavaThread "WorkerExecutor Queue Thread 3" [_thread_blocked, id=18452, stack(0x0000000029580000,0x0000000029680000)]
  0x000000001c132000 JavaThread "Cache worker for Java compile cache (E:\AndroidStudioProjects\PlantDiseasesDetection\.gradle\5.4.1\javaCompile)" [_thread_blocked, id=2196, stack(0x0000000029380000,0x0000000029480000)]
  0x000000001c136000 JavaThread "WorkerExecutor Queue" [_thread_blocked, id=188, stack(0x0000000029280000,0x0000000029380000)]
  0x000000001c12c000 JavaThread "RMI Reaper" [_thread_blocked, id=11100, stack(0x0000000028f80000,0x0000000029080000)]
  0x000000001c12d800 JavaThread "RMI TCP Accept-0" daemon [_thread_in_native, id=10800, stack(0x0000000028e80000,0x0000000028f80000)]
  0x000000001c130800 JavaThread "GC Daemon" daemon [_thread_blocked, id=9708, stack(0x0000000028d80000,0x0000000028e80000)]
  0x000000001c12e800 JavaThread "Cache worker for execution history cache (E:\AndroidStudioProjects\PlantDiseasesDetection\.gradle\5.4.1\executionHistory)" [_thread_blocked, id=6928, stack(0x0000000028a80000,0x0000000028b80000)]
  0x000000001c12a000 JavaThread "Execution worker for ':'" [_thread_blocked, id=11108, stack(0x0000000028980000,0x0000000028a80000)]
  0x000000001c12b800 JavaThread "Cache worker for file content cache (E:\AndroidStudioProjects\PlantDiseasesDetection\.gradle\5.4.1\fileContent)" [_thread_blocked, id=12944, stack(0x0000000028880000,0x0000000028980000)]
  0x000000001c129000 JavaThread "Cache worker for Build Output Cleanup Cache (E:\AndroidStudioProjects\PlantDiseasesDetection\.gradle\buildOutputCleanup)" [_thread_blocked, id=15692, stack(0x0000000028780000,0x0000000028880000)]
  0x000000001e92c000 JavaThread "Build operations Thread 2" [_thread_blocked, id=8848, stack(0x0000000028680000,0x0000000028780000)]
  0x000000001e927800 JavaThread "Build operations" [_thread_blocked, id=11596, stack(0x0000000028580000,0x0000000028680000)]
  0x000000001e926000 JavaThread "Cache worker for cache directory md-rule (C:\Users\Vidi Fitriansyah H\.gradle\caches\5.4.1\md-rule)" [_thread_blocked, id=14400, stack(0x0000000028480000,0x0000000028580000)]
  0x000000001e92b800 JavaThread "Cache worker for cache directory md-supplier (C:\Users\Vidi Fitriansyah H\.gradle\caches\5.4.1\md-supplier)" [_thread_blocked, id=1968, stack(0x0000000028380000,0x0000000028480000)]
  0x000000001e92a800 JavaThread "Cache worker for file hash cache (E:\AndroidStudioProjects\PlantDiseasesDetection\.gradle\5.4.1\fileHashes)" [_thread_blocked, id=16540, stack(0x0000000028280000,0x0000000028380000)]
  0x000000001e91d800 JavaThread "Thread-87" [_thread_blocked, id=13972, stack(0x0000000028180000,0x0000000028280000)]
  0x000000001e91f000 JavaThread "Asynchronous log dispatcher for DefaultDaemonConnection: socket connection from /127.0.0.1:59474 to /127.0.0.1:60113" [_thread_blocked, id=16916, stack(0x0000000027f80000,0x0000000028080000)]
  0x000000001e91e800 JavaThread "Daemon worker Thread 5" [_thread_blocked, id=14848, stack(0x0000000027e80000,0x0000000027f80000)]
  0x000000001e920800 JavaThread "Cancel handler" [_thread_blocked, id=14000, stack(0x0000000027d80000,0x0000000027e80000)]
  0x000000001e923800 JavaThread "Handler for socket connection from /127.0.0.1:59474 to /127.0.0.1:60113" [_thread_in_native, id=12216, stack(0x0000000027c80000,0x0000000027d80000)]
  0x000000001e923000 JavaThread "Daemon Thread 5" [_thread_blocked, id=19304, stack(0x0000000027b80000,0x0000000027c80000)]
  0x000000001e927000 JavaThread "Cache worker for Java compile cache (C:\Users\Vidi Fitriansyah H\.gradle\caches\5.4.1\javaCompile)" [_thread_blocked, id=10200, stack(0x00000000251e0000,0x00000000252e0000)]
  0x000000001e925800 JavaThread "RMI RenewClean-[127.0.0.1:17710,org.jetbrains.kotlin.daemon.common.LoopbackNetworkInterface$ClientLoopbackSocketFactory@460720c3]" daemon [_thread_blocked, id=9324, stack(0x0000000024ee0000,0x0000000024fe0000)]
  0x000000001e924800 JavaThread "RMI Scheduler(0)" daemon [_thread_blocked, id=3608, stack(0x0000000024de0000,0x0000000024ee0000)]
  0x000000001c135000 JavaThread "Cache worker for file content cache (C:\Users\Vidi Fitriansyah H\.gradle\caches\5.4.1\fileContent)" [_thread_blocked, id=1036, stack(0x0000000023fe0000,0x00000000240e0000)]
  0x000000001c128800 JavaThread "Memory manager" [_thread_blocked, id=11932, stack(0x000000001ff30000,0x0000000020030000)]
  0x000000001c12d000 JavaThread "Cache worker for execution history cache (C:\Users\Vidi Fitriansyah H\.gradle\caches\5.4.1\executionHistory)" [_thread_blocked, id=18240, stack(0x000000001dba0000,0x000000001dca0000)]
  0x0000000018c20000 JavaThread "Cache worker for journal cache (C:\Users\Vidi Fitriansyah H\.gradle\caches\journal-1)" [_thread_blocked, id=15912, stack(0x000000001a700000,0x000000001a800000)]
  0x0000000018c1b800 JavaThread "File lock request listener" [_thread_in_native, id=15384, stack(0x000000001a600000,0x000000001a700000)]
  0x0000000017454800 JavaThread "Cache worker for file hash cache (C:\Users\Vidi Fitriansyah H\.gradle\caches\5.4.1\fileHashes)" [_thread_blocked, id=8964, stack(0x000000001a500000,0x000000001a600000)]
  0x00000000188eb000 JavaThread "Daemon periodic checks" [_thread_blocked, id=9884, stack(0x0000000019b00000,0x0000000019c00000)]
  0x00000000188ce000 JavaThread "Incoming local TCP Connector on port 59474" [_thread_in_native, id=11628, stack(0x0000000019600000,0x0000000019700000)]
  0x00000000187e3800 JavaThread "Daemon health stats" [_thread_blocked, id=2164, stack(0x0000000018fc0000,0x00000000190c0000)]
  0x000000001601a800 JavaThread "Service Thread" daemon [_thread_blocked, id=12804, stack(0x00000000171f0000,0x00000000172f0000)]
  0x0000000016015000 JavaThread "C1 CompilerThread1" daemon [_thread_blocked, id=6056, stack(0x00000000170f0000,0x00000000171f0000)]
=>0x0000000015fba000 JavaThread "C2 CompilerThread0" daemon [_thread_in_native, id=10416, stack(0x0000000016ff0000,0x00000000170f0000)]
  0x0000000015fb7800 JavaThread "Attach Listener" daemon [_thread_blocked, id=18712, stack(0x0000000016ef0000,0x0000000016ff0000)]
  0x0000000015fb4800 JavaThread "Signal Dispatcher" daemon [_thread_blocked, id=18516, stack(0x0000000016df0000,0x0000000016ef0000)]
  0x00000000027f1000 JavaThread "Finalizer" daemon [_thread_blocked, id=8352, stack(0x0000000016c00000,0x0000000016d00000)]
  0x0000000015fa7000 JavaThread "Reference Handler" daemon [_thread_blocked, id=7460, stack(0x0000000016b00000,0x0000000016c00000)]
  0x000000000288e000 JavaThread "main" [_thread_blocked, id=16692, stack(0x00000000025c0000,0x00000000026c0000)]

Other Threads:
  0x0000000015f84800 VMThread [stack: 0x0000000016a00000,0x0000000016b00000] [id=8960]
  0x000000001601d000 WatcherThread [stack: 0x00000000172f0000,0x00000000173f0000] [id=12932]

VM state:synchronizing (normal execution)

VM Mutex/Monitor currently owned by a thread:  ([mutex/lock_event])
[0x000000000288d730] Safepoint_lock - owner thread: 0x0000000015f84800
[0x000000000288c9b0] Threads_lock - owner thread: 0x0000000015f84800

heap address: 0x00000000a0000000, size: 1536 MB, Compressed Oops mode: 32-bit
Narrow klass base: 0x0000000000000000, Narrow klass shift: 3
Compressed class space size: 1073741824 Address: 0x0000000100000000

Heap:
 PSYoungGen      total 185344K, used 64768K [0x00000000e0000000, 0x00000000f0b80000, 0x0000000100000000)
  eden space 124416K, 4% used [0x00000000e0000000,0x00000000e04fb090,0x00000000e7980000)
  from space 60928K, 97% used [0x00000000ebe00000,0x00000000ef845048,0x00000000ef980000)
  to   space 70144K, 0% used [0x00000000e7980000,0x00000000e7980000,0x00000000ebe00000)
 ParOldGen       total 166912K, used 123638K [0x00000000a0000000, 0x00000000aa300000, 0x00000000e0000000)
  object space 166912K, 74% used [0x00000000a0000000,0x00000000a78bdb50,0x00000000aa300000)
 Metaspace       used 92829K, capacity 96574K, committed 96788K, reserved 1132544K
  class space    used 11966K, capacity 12691K, committed 12820K, reserved 1048576K

Card table byte_map: [0x0000000011c50000,0x0000000011f60000] byte_map_base: 0x0000000011750000

Marking Bits: (ParMarkBitMap*) 0x0000000055669f30
 Begin Bits: [0x0000000012360000, 0x0000000013b60000)
 End Bits:   [0x0000000013b60000, 0x0000000015360000)

Polling page: 0x0000000001010000

CodeCache: size=245760Kb used=54327Kb max_used=54327Kb free=191432Kb
 bounds [0x0000000002890000, 0x0000000005df0000, 0x0000000011890000]
 total_blobs=16475 nmethods=15590 adapters=798
 compilation: enabled

Compilation events (10 events):
Event: 11505.567 Thread 0x0000000016015000 19206       2       com.android.tools.r8.code.s::a (14 bytes)
Event: 11505.567 Thread 0x0000000016015000 nmethod 19206 0x0000000005de5350 code [0x0000000005de54c0, 0x0000000005de5668]
Event: 11505.568 Thread 0x0000000016015000 19207       2       com.android.tools.r8.code.LongToInt::a (14 bytes)
Event: 11505.569 Thread 0x0000000016015000 nmethod 19207 0x0000000005de5710 code [0x0000000005de5880, 0x0000000005de5a28]
Event: 11505.569 Thread 0x0000000016015000 19208       1       com.android.tools.r8.code.ConstWide32::getOpcode (3 bytes)
Event: 11505.569 Thread 0x0000000016015000 nmethod 19208 0x0000000005de5ad0 code [0x0000000005de5c20, 0x0000000005de5d30]
Event: 11505.575 Thread 0x0000000016015000 19209 %     3       com.android.tools.r8.dex.c::a @ 59 (93 bytes)
Event: 11505.577 Thread 0x0000000016015000 nmethod 19209% 0x0000000005de5d90 code [0x0000000005de5fa0, 0x0000000005de67e8]
Event: 11505.577 Thread 0x0000000016015000 19210       3       com.android.tools.r8.dex.c::a (93 bytes)
Event: 11505.578 Thread 0x0000000016015000 nmethod 19210 0x0000000005de6e90 code [0x0000000005de70a0, 0x0000000005de7828]

GC Heap History (10 events):
Event: 11234.871 GC heap before
{Heap before GC invocations=47 (full 5):
 PSYoungGen      total 133120K, used 130353K [0x00000000e0000000, 0x00000000ec800000, 0x0000000100000000)
  eden space 88576K, 100% used [0x00000000e0000000,0x00000000e5680000,0x00000000e5680000)
  from space 44544K, 93% used [0x00000000e5680000,0x00000000e7f4c568,0x00000000e8200000)
  to   space 50688K, 0% used [0x00000000e9680000,0x00000000e9680000,0x00000000ec800000)
 ParOldGen       total 166912K, used 90393K [0x00000000a0000000, 0x00000000aa300000, 0x00000000e0000000)
  object space 166912K, 54% used [0x00000000a0000000,0x00000000a58467c0,0x00000000aa300000)
 Metaspace       used 92163K, capacity 95786K, committed 95892K, reserved 1132544K
  class space    used 11911K, capacity 12593K, committed 12692K, reserved 1048576K
Event: 11234.944 GC heap after
Heap after GC invocations=47 (full 5):
 PSYoungGen      total 142848K, used 17458K [0x00000000e0000000, 0x00000000ec000000, 0x0000000100000000)
  eden space 100352K, 0% used [0x00000000e0000000,0x00000000e0000000,0x00000000e6200000)
  from space 42496K, 41% used [0x00000000e9680000,0x00000000ea78caa0,0x00000000ec000000)
  to   space 48128K, 0% used [0x00000000e6200000,0x00000000e6200000,0x00000000e9100000)
 ParOldGen       total 166912K, used 90393K [0x00000000a0000000, 0x00000000aa300000, 0x00000000e0000000)
  object space 166912K, 54% used [0x00000000a0000000,0x00000000a58467c0,0x00000000aa300000)
 Metaspace       used 92163K, capacity 95786K, committed 95892K, reserved 1132544K
  class space    used 11911K, capacity 12593K, committed 12692K, reserved 1048576K
}
Event: 11429.054 GC heap before
{Heap before GC invocations=48 (full 5):
 PSYoungGen      total 142848K, used 117810K [0x00000000e0000000, 0x00000000ec000000, 0x0000000100000000)
  eden space 100352K, 100% used [0x00000000e0000000,0x00000000e6200000,0x00000000e6200000)
  from space 42496K, 41% used [0x00000000e9680000,0x00000000ea78caa0,0x00000000ec000000)
  to   space 48128K, 0% used [0x00000000e6200000,0x00000000e6200000,0x00000000e9100000)
 ParOldGen       total 166912K, used 90393K [0x00000000a0000000, 0x00000000aa300000, 0x00000000e0000000)
  object space 166912K, 54% used [0x00000000a0000000,0x00000000a58467c0,0x00000000aa300000)
 Metaspace       used 92562K, capacity 96294K, committed 96532K, reserved 1132544K
  class space    used 11960K, capacity 12689K, committed 12820K, reserved 1048576K
Event: 11434.566 GC heap after
Heap after GC invocations=48 (full 5):
 PSYoungGen      total 148480K, used 22852K [0x00000000e0000000, 0x00000000ec900000, 0x0000000100000000)
  eden space 100352K, 0% used [0x00000000e0000000,0x00000000e0000000,0x00000000e6200000)
  from space 48128K, 47% used [0x00000000e6200000,0x00000000e7851008,0x00000000e9100000)
  to   space 46080K, 0% used [0x00000000e9c00000,0x00000000e9c00000,0x00000000ec900000)
 ParOldGen       total 166912K, used 96233K [0x00000000a0000000, 0x00000000aa300000, 0x00000000e0000000)
  object space 166912K, 57% used [0x00000000a0000000,0x00000000a5dfa7c0,0x00000000aa300000)
 Metaspace       used 92562K, capacity 96294K, committed 96532K, reserved 1132544K
  class space    used 11960K, capacity 12689K, committed 12820K, reserved 1048576K
}
Event: 11490.969 GC heap before
{Heap before GC invocations=49 (full 5):
 PSYoungGen      total 148480K, used 118914K [0x00000000e0000000, 0x00000000ec900000, 0x0000000100000000)
  eden space 100352K, 95% used [0x00000000e0000000,0x00000000e5dcfa38,0x00000000e6200000)
  from space 48128K, 47% used [0x00000000e6200000,0x00000000e7851008,0x00000000e9100000)
  to   space 46080K, 0% used [0x00000000e9c00000,0x00000000e9c00000,0x00000000ec900000)
 ParOldGen       total 166912K, used 96233K [0x00000000a0000000, 0x00000000aa300000, 0x00000000e0000000)
  object space 166912K, 57% used [0x00000000a0000000,0x00000000a5dfa7c0,0x00000000aa300000)
 Metaspace       used 92809K, capacity 96574K, committed 96788K, reserved 1132544K
  class space    used 11966K, capacity 12691K, committed 12820K, reserved 1048576K
Event: 11491.038 GC heap after
Heap after GC invocations=49 (full 5):
 PSYoungGen      total 157184K, used 33770K [0x00000000e0000000, 0x00000000ecc80000, 0x0000000100000000)
  eden space 111104K, 0% used [0x00000000e0000000,0x00000000e0000000,0x00000000e6c80000)
  from space 46080K, 73% used [0x00000000e9c00000,0x00000000ebcfabd0,0x00000000ec900000)
  to   space 48640K, 0% used [0x00000000e6c80000,0x00000000e6c80000,0x00000000e9c00000)
 ParOldGen       total 166912K, used 101020K [0x00000000a0000000, 0x00000000aa300000, 0x00000000e0000000)
  object space 166912K, 60% used [0x00000000a0000000,0x00000000a62a7230,0x00000000aa300000)
 Metaspace       used 92809K, capacity 96574K, committed 96788K, reserved 1132544K
  class space    used 11966K, capacity 12691K, committed 12820K, reserved 1048576K
}
Event: 11493.325 GC heap before
{Heap before GC invocations=50 (full 5):
 PSYoungGen      total 157184K, used 144874K [0x00000000e0000000, 0x00000000ecc80000, 0x0000000100000000)
  eden space 111104K, 100% used [0x00000000e0000000,0x00000000e6c80000,0x00000000e6c80000)
  from space 46080K, 73% used [0x00000000e9c00000,0x00000000ebcfabd0,0x00000000ec900000)
  to   space 48640K, 0% used [0x00000000e6c80000,0x00000000e6c80000,0x00000000e9c00000)
 ParOldGen       total 166912K, used 101020K [0x00000000a0000000, 0x00000000aa300000, 0x00000000e0000000)
  object space 166912K, 60% used [0x00000000a0000000,0x00000000a62a7230,0x00000000aa300000)
 Metaspace       used 92815K, capacity 96574K, committed 96788K, reserved 1132544K
  class space    used 11966K, capacity 12691K, committed 12820K, reserved 1048576K
Event: 11499.664 GC heap after
Heap after GC invocations=50 (full 5):
 PSYoungGen      total 159744K, used 48620K [0x00000000e0000000, 0x00000000ef980000, 0x0000000100000000)
  eden space 111104K, 0% used [0x00000000e0000000,0x00000000e0000000,0x00000000e6c80000)
  from space 48640K, 99% used [0x00000000e6c80000,0x00000000e9bfb380,0x00000000e9c00000)
  to   space 60928K, 0% used [0x00000000ebe00000,0x00000000ebe00000,0x00000000ef980000)
 ParOldGen       total 166912K, used 115364K [0x00000000a0000000, 0x00000000aa300000, 0x00000000e0000000)
  object space 166912K, 69% used [0x00000000a0000000,0x00000000a70a9250,0x00000000aa300000)
 Metaspace       used 92815K, capacity 96574K, committed 96788K, reserved 1132544K
  class space    used 11966K, capacity 12691K, committed 12820K, reserved 1048576K
}
Event: 11503.068 GC heap before
{Heap before GC invocations=51 (full 5):
 PSYoungGen      total 159744K, used 159724K [0x00000000e0000000, 0x00000000ef980000, 0x0000000100000000)
  eden space 111104K, 100% used [0x00000000e0000000,0x00000000e6c80000,0x00000000e6c80000)
  from space 48640K, 99% used [0x00000000e6c80000,0x00000000e9bfb380,0x00000000e9c00000)
  to   space 60928K, 0% used [0x00000000ebe00000,0x00000000ebe00000,0x00000000ef980000)
 ParOldGen       total 166912K, used 115364K [0x00000000a0000000, 0x00000000aa300000, 0x00000000e0000000)
  object space 166912K, 69% used [0x00000000a0000000,0x00000000a70a9250,0x00000000aa300000)
 Metaspace       used 92821K, capacity 96574K, committed 96788K, reserved 1132544K
  class space    used 11966K, capacity 12691K, committed 12820K, reserved 1048576K
Event: 11503.355 GC heap after
Heap after GC invocations=51 (full 5):
 PSYoungGen      total 185344K, used 59668K [0x00000000e0000000, 0x00000000f0b80000, 0x0000000100000000)
  eden space 124416K, 0% used [0x00000000e0000000,0x00000000e0000000,0x00000000e7980000)
  from space 60928K, 97% used [0x00000000ebe00000,0x00000000ef845048,0x00000000ef980000)
  to   space 70144K, 0% used [0x00000000e7980000,0x00000000e7980000,0x00000000ebe00000)
 ParOldGen       total 166912K, used 123638K [0x00000000a0000000, 0x00000000aa300000, 0x00000000e0000000)
  object space 166912K, 74% used [0x00000000a0000000,0x00000000a78bdb50,0x00000000aa300000)
 Metaspace       used 92821K, capacity 96574K, committed 96788K, reserved 1132544K
  class space    used 11966K, capacity 12691K, committed 12820K, reserved 1048576K
}

Deoptimization events (10 events):
Event: 11460.985 Thread 0x000000001c134800 Uncommon trap: reason=array_check action=maybe_recompile pc=0x0000000005cb70bc method=java.util.TimSort.reverseRange([Ljava/lang/Object;II)V @ 27
Event: 11491.088 Thread 0x000000001c134800 Uncommon trap: reason=unstable_if action=reinterpret pc=0x00000000057e9ea0 method=com.android.tools.r8.utils.LebUtils.parseUleb128(Lcom/android/tools/r8/dex/BinaryReader;)I @ 26
Event: 11492.262 Thread 0x000000001c134800 Uncommon trap: reason=class_check action=maybe_recompile pc=0x0000000005723a40 method=java.util.stream.SortedOps$SizedRefSortingSink.end()V @ 25
Event: 11501.784 Thread 0x000000001c136800 Uncommon trap: reason=unstable_if action=reinterpret pc=0x0000000005d70d1c method=com.android.tools.r8.graph.DexValue$NestedDexValue.equals(Ljava/lang/Object;)Z @ 11
Event: 11501.784 Thread 0x000000001c136800 Uncommon trap: reason=class_check action=maybe_recompile pc=0x0000000005d68414 method=com.android.tools.r8.graph.DexValue$DexValueInt.equals(Ljava/lang/Object;)Z @ 8
Event: 11501.784 Thread 0x000000001c136800 Uncommon trap: reason=class_check action=maybe_recompile pc=0x0000000005d68414 method=com.android.tools.r8.graph.DexValue$DexValueInt.equals(Ljava/lang/Object;)Z @ 8
Event: 11501.784 Thread 0x000000001c136800 Uncommon trap: reason=class_check action=maybe_recompile pc=0x0000000005d68414 method=com.android.tools.r8.graph.DexValue$DexValueInt.equals(Ljava/lang/Object;)Z @ 8
Event: 11501.787 Thread 0x000000001c136800 Uncommon trap: reason=class_check action=maybe_recompile pc=0x0000000005d68414 method=com.android.tools.r8.graph.DexValue$DexValueInt.equals(Ljava/lang/Object;)Z @ 8
Event: 11502.775 Thread 0x000000001c136800 Uncommon trap: reason=predicate action=maybe_recompile pc=0x0000000005d65a1c method=java.util.TimSort.gallopRight(Ljava/lang/Object;[Ljava/lang/Object;IIILjava/util/Comparator;)I @ 65
Event: 11502.778 Thread 0x000000001c136800 Uncommon trap: reason=unstable_if action=reinterpret pc=0x0000000005d6c8d4 method=java.util.TimSort.mergeHi(IIII)V @ 554

Classes redefined (0 events):
No events

Internal exceptions (10 events):
Event: 11270.927 Thread 0x000000001c12a000 Exception <a 'java/lang/NoSuchMethodError': <clinit>> (0x00000000e28dda70) thrown at [D:\src\AOSP-openjdk-cygwin\jdk8u\hotspot\src\share\vm\prims\jni.cpp, line 1614]
Event: 11271.063 Thread 0x000000001c12a000 Exception <a 'java/lang/NoSuchMethodError': <clinit>> (0x00000000e29b9c28) thrown at [D:\src\AOSP-openjdk-cygwin\jdk8u\hotspot\src\share\vm\prims\jni.cpp, line 1614]
Event: 11401.013 Thread 0x000000001e925800 Exception <a 'java/net/ConnectException': Connection refused: connect> (0x00000000e2e0d1b8) thrown at [D:\src\AOSP-openjdk-cygwin\jdk8u\hotspot\src\share\vm\prims\jni.cpp, line 736]
Event: 11402.047 Thread 0x000000001e925800 Exception <a 'java/net/ConnectException': Connection refused: connect> (0x00000000e2e37dd0) thrown at [D:\src\AOSP-openjdk-cygwin\jdk8u\hotspot\src\share\vm\prims\jni.cpp, line 736]
Event: 11403.072 Thread 0x000000001e925800 Exception <a 'java/net/ConnectException': Connection refused: connect> (0x00000000e2e386c8) thrown at [D:\src\AOSP-openjdk-cygwin\jdk8u\hotspot\src\share\vm\prims\jni.cpp, line 736]
Event: 11459.045 Thread 0x000000001c136000 Exception <a 'sun/nio/fs/WindowsException'> (0x00000000e3c92ab8) thrown at [D:\src\AOSP-openjdk-cygwin\jdk8u\hotspot\src\share\vm\prims\jni.cpp, line 710]
Event: 11459.331 Thread 0x000000001c136000 Exception <a 'sun/nio/fs/WindowsException'> (0x00000000e3f01e38) thrown at [D:\src\AOSP-openjdk-cygwin\jdk8u\hotspot\src\share\vm\prims\jni.cpp, line 710]
Event: 11459.437 Thread 0x000000001c136000 Exception <a 'sun/nio/fs/WindowsException'> (0x00000000e3f53078) thrown at [D:\src\AOSP-openjdk-cygwin\jdk8u\hotspot\src\share\vm\prims\jni.cpp, line 710]
Event: 11462.334 Thread 0x000000001e91e800 Exception <a 'java/io/FileNotFoundException'> (0x00000000e49fefd8) thrown at [D:\src\AOSP-openjdk-cygwin\jdk8u\hotspot\src\share\vm\prims\jni.cpp, line 710]
Event: 11490.944 Thread 0x000000001c134800 Exception <a 'sun/nio/fs/WindowsException'> (0x00000000e4d12940) thrown at [D:\src\AOSP-openjdk-cygwin\jdk8u\hotspot\src\share\vm\prims\jni.cpp, line 710]

Events (10 events):
Event: 11502.808 Thread 0x000000001c136800 DEOPT PACKING pc=0x0000000005ddfe46 sp=0x000000002987e9d0
Event: 11502.808 Thread 0x000000001c136800 DEOPT UNPACKING pc=0x00000000028d71d0 sp=0x000000002987e748 mode 0
Event: 11502.895 Thread 0x000000001c136800 DEOPT PACKING pc=0x00000000056e05ba sp=0x000000002987edb0
Event: 11502.895 Thread 0x000000001c136800 DEOPT UNPACKING pc=0x00000000028d71d0 sp=0x000000002987efa8 mode 0
Event: 11503.007 Thread 0x000000001c136800 DEOPT PACKING pc=0x0000000002a9b504 sp=0x000000002987edb0
Event: 11503.007 Thread 0x000000001c136800 DEOPT UNPACKING pc=0x00000000028d71d0 sp=0x000000002987eb00 mode 0
Event: 11503.068 Executing VM operation: ParallelGCFailedAllocation
Event: 11503.355 Executing VM operation: ParallelGCFailedAllocation done
Event: 11505.578 Thread 0x000000001c136800 DEOPT PACKING pc=0x00000000031835a8 sp=0x000000002987f000
Event: 11505.578 Thread 0x000000001c136800 DEOPT UNPACKING pc=0x00000000028d71d0 sp=0x000000002987ed88 mode 0


Dynamic libraries:
0x00007ff7e4130000 - 0x00007ff7e4161000 	C:\Program Files\Java\jdk-8\bin\java.exe
0x00007ff969dc0000 - 0x00007ff969f91000 	C:\WINDOWS\SYSTEM32\ntdll.dll
0x00007ff967e60000 - 0x00007ff967f0b000 	C:\WINDOWS\System32\KERNEL32.DLL
0x00007ff966c10000 - 0x00007ff966e2d000 	C:\WINDOWS\System32\KERNELBASE.dll
0x00007ff967470000 - 0x00007ff967512000 	C:\WINDOWS\System32\ADVAPI32.dll
0x00007ff967a50000 - 0x00007ff967aee000 	C:\WINDOWS\System32\msvcrt.dll
0x00007ff969bf0000 - 0x00007ff969c49000 	C:\WINDOWS\System32\sechost.dll
0x00007ff969580000 - 0x00007ff9696a1000 	C:\WINDOWS\System32\RPCRT4.dll
0x00007ff969c50000 - 0x00007ff969db5000 	C:\WINDOWS\System32\USER32.dll
0x00007ff967120000 - 0x00007ff96713e000 	C:\WINDOWS\System32\win32u.dll
0x00007ff967580000 - 0x00007ff9675b4000 	C:\WINDOWS\System32\GDI32.dll
0x00007ff9671a0000 - 0x00007ff967322000 	C:\WINDOWS\System32\gdi32full.dll
0x00007ff95f4e0000 - 0x00007ff95f759000 	C:\WINDOWS\WinSxS\amd64_microsoft.windows.common-controls_6595b64144ccf1df_6.0.14393.0_none_2d0f50fcbdb171b8\COMCTL32.dll
0x00007ff967770000 - 0x00007ff967a37000 	C:\WINDOWS\System32\combase.dll
0x00007ff966a10000 - 0x00007ff966b05000 	C:\WINDOWS\System32\ucrtbase.dll
0x00007ff9670b0000 - 0x00007ff96711a000 	C:\WINDOWS\System32\bcryptPrimitives.dll
0x00007ff967f10000 - 0x00007ff967f3e000 	C:\WINDOWS\System32\IMM32.DLL
0x00000000556f0000 - 0x00000000557c2000 	C:\Program Files\Java\jdk-8\jre\bin\msvcr100.dll
0x0000000054ea0000 - 0x00000000556e6000 	C:\Program Files\Java\jdk-8\jre\bin\server\jvm.dll
0x00007ff967a40000 - 0x00007ff967a48000 	C:\WINDOWS\System32\PSAPI.DLL
0x00007ff956b70000 - 0x00007ff956b79000 	C:\WINDOWS\SYSTEM32\WSOCK32.dll
0x00007ff964760000 - 0x00007ff964783000 	C:\WINDOWS\SYSTEM32\WINMM.dll
0x00007ff967700000 - 0x00007ff96776a000 	C:\WINDOWS\System32\WS2_32.dll
0x00007ff958640000 - 0x00007ff95864a000 	C:\WINDOWS\SYSTEM32\VERSION.dll
0x00007ff964700000 - 0x00007ff96472b000 	C:\WINDOWS\SYSTEM32\WINMMBASE.dll
0x00007ff966b10000 - 0x00007ff966b52000 	C:\WINDOWS\System32\cfgmgr32.dll
0x00007ff95b550000 - 0x00007ff95b55f000 	C:\Program Files\Java\jdk-8\jre\bin\verify.dll
0x00007ff945660000 - 0x00007ff945689000 	C:\Program Files\Java\jdk-8\jre\bin\java.dll
0x00007ff94a3d0000 - 0x00007ff94a3e6000 	C:\Program Files\Java\jdk-8\jre\bin\zip.dll
0x00007ff968070000 - 0x00007ff969578000 	C:\WINDOWS\System32\SHELL32.dll
0x00007ff966330000 - 0x00007ff966a0a000 	C:\WINDOWS\System32\windows.storage.dll
0x00007ff9662b0000 - 0x00007ff9662fc000 	C:\WINDOWS\System32\powrprof.dll
0x00007ff967410000 - 0x00007ff967462000 	C:\WINDOWS\System32\shlwapi.dll
0x00007ff966320000 - 0x00007ff96632f000 	C:\WINDOWS\System32\kernel.appcore.dll
0x00007ff966b60000 - 0x00007ff966c09000 	C:\WINDOWS\System32\shcore.dll
0x00007ff966300000 - 0x00007ff966314000 	C:\WINDOWS\System32\profapi.dll
0x00007ff95d460000 - 0x00007ff95d47a000 	C:\Program Files\Java\jdk-8\jre\bin\net.dll
0x00007ff965b70000 - 0x00007ff965bcc000 	C:\WINDOWS\system32\mswsock.dll
0x00007ff94c6c0000 - 0x00007ff94c6d1000 	C:\Program Files\Java\jdk-8\jre\bin\nio.dll
0x00007ff947350000 - 0x00007ff947376000 	C:\Users\Vidi Fitriansyah H\.gradle\native\29\windows-amd64\native-platform.dll
0x00007ff95b540000 - 0x00007ff95b54d000 	C:\Program Files\Java\jdk-8\jre\bin\management.dll
0x00007ff965d10000 - 0x00007ff965d27000 	C:\WINDOWS\SYSTEM32\CRYPTSP.dll
0x00007ff965780000 - 0x00007ff9657b3000 	C:\WINDOWS\system32\rsaenh.dll
0x00007ff9661e0000 - 0x00007ff96620b000 	C:\WINDOWS\SYSTEM32\bcrypt.dll
0x00007ff9659f0000 - 0x00007ff965a0f000 	C:\WINDOWS\SYSTEM32\USERENV.dll
0x00007ff965d30000 - 0x00007ff965d3b000 	C:\WINDOWS\SYSTEM32\CRYPTBASE.dll
0x00007ff965900000 - 0x00007ff965938000 	C:\WINDOWS\SYSTEM32\IPHLPAPI.DLL
0x00007ff967f40000 - 0x00007ff967f48000 	C:\WINDOWS\System32\NSI.dll
0x00007ff95ef50000 - 0x00007ff95ef66000 	C:\WINDOWS\SYSTEM32\dhcpcsvc6.DLL
0x00007ff95fb00000 - 0x00007ff95fb1a000 	C:\WINDOWS\SYSTEM32\dhcpcsvc.DLL
0x00007ff95cdd0000 - 0x00007ff95cdee000 	C:\Users\Vidi Fitriansyah H\AppData\Local\Temp\native-platform2046099500121107897dir\native-platform.dll
0x00007ff965650000 - 0x00007ff965682000 	C:\WINDOWS\SYSTEM32\ntmarta.dll

VM Arguments:
jvm_args: -Xmx1536m -Dfile.encoding=windows-1252 -Duser.country=US -Duser.language=en -Duser.variant 
java_command: org.gradle.launcher.daemon.bootstrap.GradleDaemon 5.4.1
java_class_path (initial): C:\Users\Vidi Fitriansyah H\.gradle\wrapper\dists\gradle-5.4.1-all\3221gyojl5jsh0helicew7rwx\gradle-5.4.1\lib\gradle-launcher-5.4.1.jar
Launcher Type: SUN_STANDARD

Environment Variables:
JAVA_HOME=C:\Program Files\Java\jdk-8
PATH=C:\Program Files (x86)\Common Files\Oracle\Java\javapath;C:\adb\adb_win_v1.0.26;C:\adb\adb_win_v1.0.26;C:\Program Files\Common Files\Microsoft Shared\Windows Live;C:\Program Files (x86)\Common Files\Microsoft Shared\Windows Live;C:\WINDOWS\system32;C:\WINDOWS;C:\WINDOWS\System32\Wbem;C:\WINDOWS\System32\WindowsPowerShell\v1.0\;C:\Program Files (x86)\Windows Live\Shared;C:\Program Files (x86)\MATLAB\R2009a\bin;C:\Program Files (x86)\MATLAB\R2009a\bin\win32;C:\Program Files (x86)\Common Files\lenovo\easyplussdk\bin;C:\Users\Vidi Fitriansyah H\AppData\Local\Programs\Python\Python36\Scripts;C:\Users\Vidi Fitriansyah H\AppData\Local\Programs\Python\Python36;C:\Python27;C:\Python37\Scripts;C:\Users\Vidi Fitriansyah H\AppData\Local\Microsoft\WindowsApps;C:\Program Files (x86)\IVI Foundation\VISA\WinNT\Bin\;C:\Program Files\IVI Foundation\VISA\Win64\Bin\;C:\Program Files (x86)\IVI Foundation\VISA\WinNT\Bin;C:\gradle\gradle-5.4.1\bin;%JAVA_HOME%\bin;C:\Program Files\Git\cmd;C:\Users\Vidi Fitriansyah H\AppData\Local\Microsoft\WindowsApps;;C:\Program Files\Microsoft VS Code\bin
USERNAME=Vidi Fitriansyah H
OS=Windows_NT
PROCESSOR_IDENTIFIER=Intel64 Family 6 Model 61 Stepping 4, GenuineIntel



---------------  S Y S T E M  ---------------

OS: Windows 10.0 , 64 bit Build 14393 (10.0.14393.0)

CPU:total 2 (initial active 2) (2 cores per cpu, 1 threads per core) family 6 model 61 stepping 4, cmov, cx8, fxsr, mmx, sse, sse2, sse3, ssse3, sse4.1, sse4.2, popcnt, clmul, erms, 3dnowpref, lzcnt, tsc, tscinvbit

Memory: 4k page, physical 4103692k(38500k free), swap 8224268k(4516k free)

vm_info: OpenJDK 64-Bit Server VM (25.202-b03) for windows-amd64 JRE (1.8.0_202-release-1483-b03), built by "builder" with MS VC++ 10.0 (VS2010)

time: Tue Aug 11 22:56:41 2020
timezone: SE Asia Standard Time
elapsed time: 11506 seconds (0d 3h 11m 46s)

