#
# There is insufficient memory for the Java Runtime Environment to continue.
# Native memory allocation (malloc) failed to allocate 1282256 bytes for Chunk::new
# Possible reasons:
#   The system is out of physical RAM or swap space
#   The process is running with CompressedOops enabled, and the Java Heap may be blocking the growth of the native heap
# Possible solutions:
#   Reduce memory load on the system
#   Increase physical memory or swap space
#   Check if swap backing store is full
#   Decrease Java heap size (-Xmx/-Xms)
#   Decrease number of Java threads
#   Decrease Java thread stack sizes (-Xss)
#   Set larger code cache with -XX:ReservedCodeCacheSize=
#   JVM is running with Unscaled Compressed Oops mode in which the Java heap is
#     placed in the first 4GB address space. The Java Heap base address is the
#     maximum limit for the native heap growth. Please use -XX:HeapBaseMinAddress
#     to set the Java Heap base and to place the Java Heap above 4GB virtual address.
# This output file may be truncated or incomplete.
#
#  Out of Memory Error (allocation.cpp:389), pid=5592, tid=0x00000000000014dc
#
# JRE version: OpenJDK Runtime Environment (8.0_202-b03) (build 1.8.0_202-release-1483-b03)
# Java VM: OpenJDK 64-Bit Server VM (25.202-b03 mixed mode windows-amd64 compressed oops)
# Failed to write core dump. Minidumps are not enabled by default on client versions of Windows
#

---------------  T H R E A D  ---------------

Current thread (0x0000000014eb2000):  JavaThread "C2 CompilerThread0" daemon [_thread_in_native, id=5340, stack(0x0000000015ed0000,0x0000000015fd0000)]

Stack: [0x0000000015ed0000,0x0000000015fd0000]
[error occurred during error reporting (printing stack bounds), id 0xc0000005]

Native frames: (J=compiled Java code, j=interpreted, Vv=VM code, C=native code)


Current CompileTask:
C2:  45447 10107       4       org.jetbrains.kotlin.load.kotlin.TypeSignatureMappingKt::mapType (890 bytes)


---------------  P R O C E S S  ---------------

Java Threads: ( => current thread )
  0x0000000014f25000 JavaThread "Service Thread" daemon [_thread_blocked, id=7056, stack(0x00000000160d0000,0x00000000161d0000)]
  0x0000000014eb4800 JavaThread "C1 CompilerThread1" daemon [_thread_blocked, id=18944, stack(0x0000000015fd0000,0x00000000160d0000)]
=>0x0000000014eb2000 JavaThread "C2 CompilerThread0" daemon [_thread_in_native, id=5340, stack(0x0000000015ed0000,0x0000000015fd0000)]
  0x0000000014eaf800 JavaThread "Attach Listener" daemon [_thread_blocked, id=9240, stack(0x0000000015dd0000,0x0000000015ed0000)]
  0x0000000014eae800 JavaThread "Signal Dispatcher" daemon [_thread_blocked, id=12904, stack(0x0000000015cd0000,0x0000000015dd0000)]
  0x0000000014e98000 JavaThread "Finalizer" daemon [_thread_blocked, id=15164, stack(0x0000000015ae0000,0x0000000015be0000)]
  0x0000000014e97000 JavaThread "Reference Handler" daemon [_thread_blocked, id=11344, stack(0x00000000159e0000,0x0000000015ae0000)]
  0x00000000029f9000 JavaThread "main" [_thread_in_Java, id=444, stack(0x00000000028f0000,0x00000000029f0000)]

Other Threads:
  0x0000000014e75000 VMThread [stack: 0x00000000158e0000,0x00000000159e0000] [id=11352]
  0x0000000014f27800 WatcherThread [stack: 0x00000000161d0000,0x00000000162d0000] [id=13308]

VM state:not at safepoint (normal execution)

VM Mutex/Monitor currently owned by a thread: None

heap address: 0x00000000c1600000, size: 1002 MB, Compressed Oops mode: 32-bit
Narrow klass base: 0x0000000000000000, Narrow klass shift: 3
Compressed class space size: 1073741824 Address: 0x0000000100000000

Heap:
 PSYoungGen      total 111104K, used 47692K [0x00000000eb200000, 0x00000000f5f80000, 0x0000000100000000)
  eden space 81408K, 58% used [0x00000000eb200000,0x00000000ee0931c0,0x00000000f0180000)
  from space 29696K, 0% used [0x00000000f0180000,0x00000000f0180000,0x00000000f1e80000)
  to   space 33792K, 0% used [0x00000000f3e80000,0x00000000f3e80000,0x00000000f5f80000)
 ParOldGen       total 69120K, used 47714K [0x00000000c1600000, 0x00000000c5980000, 0x00000000eb200000)
  object space 69120K, 69% used [0x00000000c1600000,0x00000000c4498858,0x00000000c5980000)
 Metaspace       used 61917K, capacity 63172K, committed 63360K, reserved 1105920K
  class space    used 7342K, capacity 7698K, committed 7808K, reserved 1048576K

Card table byte_map: [0x0000000011eb0000,0x00000000120b0000] byte_map_base: 0x00000000118a5000

Marking Bits: (ParMarkBitMap*) 0x0000000057799f30
 Begin Bits: [0x0000000012400000, 0x00000000133a8000)
 End Bits:   [0x00000000133a8000, 0x0000000014350000)

Polling page: 0x0000000000b90000

CodeCache: size=245760Kb used=31321Kb max_used=31981Kb free=214438Kb
 bounds [0x0000000002af0000, 0x0000000004a60000, 0x0000000011af0000]
 total_blobs=9311 nmethods=8796 adapters=428
 compilation: enabled

Compilation events (10 events):
Event: 45.395 Thread 0x0000000014eb4800 nmethod 10158 0x0000000002d4e2d0 code [0x0000000002d4e440, 0x0000000002d4e650]
Event: 45.395 Thread 0x0000000014eb4800 10159       3       org.jetbrains.kotlin.codegen.optimization.LabelNormalizationMethodTransformer::transform (24 bytes)
Event: 45.396 Thread 0x0000000014eb4800 nmethod 10159 0x000000000334e310 code [0x000000000334e500, 0x000000000334ea98]
Event: 45.401 Thread 0x0000000014eb4800 10160       3       org.jetbrains.kotlin.serialization.DescriptorSerializer$Companion::access$hasAnnotations (6 bytes)
Event: 45.401 Thread 0x0000000014eb4800 nmethod 10160 0x0000000003724a10 code [0x0000000003724b80, 0x0000000003724ce8]
Event: 45.424 Thread 0x0000000014eb4800 10162       2       org.jetbrains.kotlin.codegen.optimization.RedundantGotoMethodTransformer::transform (468 bytes)
Event: 45.427 Thread 0x0000000014eb4800 nmethod 10162 0x00000000038655d0 code [0x00000000038658c0, 0x00000000038666d8]
Event: 45.429 Thread 0x0000000014eb4800 10163       2       org.jetbrains.kotlin.codegen.ExpressionCodegen::putDescriptorIntoFrameMap (168 bytes)
Event: 45.430 Thread 0x0000000014eb4800 nmethod 10163 0x0000000003d42fd0 code [0x0000000003d431e0, 0x0000000003d43798]
Event: 45.431 Thread 0x0000000014eb4800 10164       2       org.jetbrains.kotlin.codegen.ExpressionCodegen::addLeaveTaskToRemoveDescriptorFromFrameMap (120 bytes)

GC Heap History (10 events):
Event: 21.056 GC heap before
{Heap before GC invocations=12 (full 2):
 PSYoungGen      total 76800K, used 73859K [0x00000000eb200000, 0x00000000f1980000, 0x0000000100000000)
  eden space 61952K, 100% used [0x00000000eb200000,0x00000000eee80000,0x00000000eee80000)
  from space 14848K, 80% used [0x00000000eee80000,0x00000000efa20d90,0x00000000efd00000)
  to   space 15872K, 0% used [0x00000000f0a00000,0x00000000f0a00000,0x00000000f1980000)
 ParOldGen       total 69120K, used 17581K [0x00000000c1600000, 0x00000000c5980000, 0x00000000eb200000)
  object space 69120K, 25% used [0x00000000c1600000,0x00000000c272b5a8,0x00000000c5980000)
 Metaspace       used 42009K, capacity 42674K, committed 43008K, reserved 1087488K
  class space    used 5094K, capacity 5255K, committed 5376K, reserved 1048576K
Event: 21.181 GC heap after
Heap after GC invocations=12 (full 2):
 PSYoungGen      total 87552K, used 15869K [0x00000000eb200000, 0x00000000f2000000, 0x0000000100000000)
  eden space 71680K, 0% used [0x00000000eb200000,0x00000000eb200000,0x00000000ef800000)
  from space 15872K, 99% used [0x00000000f0a00000,0x00000000f197f5c8,0x00000000f1980000)
  to   space 18432K, 0% used [0x00000000ef800000,0x00000000ef800000,0x00000000f0a00000)
 ParOldGen       total 69120K, used 18846K [0x00000000c1600000, 0x00000000c5980000, 0x00000000eb200000)
  object space 69120K, 27% used [0x00000000c1600000,0x00000000c2867be0,0x00000000c5980000)
 Metaspace       used 42009K, capacity 42674K, committed 43008K, reserved 1087488K
  class space    used 5094K, capacity 5255K, committed 5376K, reserved 1048576K
}
Event: 29.483 GC heap before
{Heap before GC invocations=13 (full 2):
 PSYoungGen      total 87552K, used 87549K [0x00000000eb200000, 0x00000000f2000000, 0x0000000100000000)
  eden space 71680K, 100% used [0x00000000eb200000,0x00000000ef800000,0x00000000ef800000)
  from space 15872K, 99% used [0x00000000f0a00000,0x00000000f197f5c8,0x00000000f1980000)
  to   space 18432K, 0% used [0x00000000ef800000,0x00000000ef800000,0x00000000f0a00000)
 ParOldGen       total 69120K, used 18846K [0x00000000c1600000, 0x00000000c5980000, 0x00000000eb200000)
  object space 69120K, 27% used [0x00000000c1600000,0x00000000c2867be0,0x00000000c5980000)
 Metaspace       used 50694K, capacity 51620K, committed 51840K, reserved 1095680K
  class space    used 6201K, capacity 6464K, committed 6528K, reserved 1048576K
Event: 29.562 GC heap after
Heap after GC invocations=13 (full 2):
 PSYoungGen      total 90112K, used 18425K [0x00000000eb200000, 0x00000000f3700000, 0x0000000100000000)
  eden space 71680K, 0% used [0x00000000eb200000,0x00000000eb200000,0x00000000ef800000)
  from space 18432K, 99% used [0x00000000ef800000,0x00000000f09fe678,0x00000000f0a00000)
  to   space 25088K, 0% used [0x00000000f1e80000,0x00000000f1e80000,0x00000000f3700000)
 ParOldGen       total 69120K, used 30788K [0x00000000c1600000, 0x00000000c5980000, 0x00000000eb200000)
  object space 69120K, 44% used [0x00000000c1600000,0x00000000c3411218,0x00000000c5980000)
 Metaspace       used 50694K, capacity 51620K, committed 51840K, reserved 1095680K
  class space    used 6201K, capacity 6464K, committed 6528K, reserved 1048576K
}
Event: 37.020 GC heap before
{Heap before GC invocations=14 (full 2):
 PSYoungGen      total 90112K, used 90105K [0x00000000eb200000, 0x00000000f3700000, 0x0000000100000000)
  eden space 71680K, 100% used [0x00000000eb200000,0x00000000ef800000,0x00000000ef800000)
  from space 18432K, 99% used [0x00000000ef800000,0x00000000f09fe678,0x00000000f0a00000)
  to   space 25088K, 0% used [0x00000000f1e80000,0x00000000f1e80000,0x00000000f3700000)
 ParOldGen       total 69120K, used 30788K [0x00000000c1600000, 0x00000000c5980000, 0x00000000eb200000)
  object space 69120K, 44% used [0x00000000c1600000,0x00000000c3411218,0x00000000c5980000)
 Metaspace       used 54726K, capacity 55666K, committed 55936K, reserved 1097728K
  class space    used 6656K, capacity 6927K, committed 7040K, reserved 1048576K
Event: 37.139 GC heap after
Heap after GC invocations=14 (full 2):
 PSYoungGen      total 106496K, used 25082K [0x00000000eb200000, 0x00000000f4000000, 0x0000000100000000)
  eden space 81408K, 0% used [0x00000000eb200000,0x00000000eb200000,0x00000000f0180000)
  from space 25088K, 99% used [0x00000000f1e80000,0x00000000f36fe888,0x00000000f3700000)
  to   space 29696K, 0% used [0x00000000f0180000,0x00000000f0180000,0x00000000f1e80000)
 ParOldGen       total 69120K, used 33343K [0x00000000c1600000, 0x00000000c5980000, 0x00000000eb200000)
  object space 69120K, 48% used [0x00000000c1600000,0x00000000c368fe60,0x00000000c5980000)
 Metaspace       used 54726K, capacity 55666K, committed 55936K, reserved 1097728K
  class space    used 6656K, capacity 6927K, committed 7040K, reserved 1048576K
}
Event: 38.724 GC heap before
{Heap before GC invocations=15 (full 2):
 PSYoungGen      total 106496K, used 43505K [0x00000000eb200000, 0x00000000f4000000, 0x0000000100000000)
  eden space 81408K, 22% used [0x00000000eb200000,0x00000000ec3fddd8,0x00000000f0180000)
  from space 25088K, 99% used [0x00000000f1e80000,0x00000000f36fe888,0x00000000f3700000)
  to   space 29696K, 0% used [0x00000000f0180000,0x00000000f0180000,0x00000000f1e80000)
 ParOldGen       total 69120K, used 33343K [0x00000000c1600000, 0x00000000c5980000, 0x00000000eb200000)
  object space 69120K, 48% used [0x00000000c1600000,0x00000000c368fe60,0x00000000c5980000)
 Metaspace       used 57908K, capacity 58924K, committed 59136K, reserved 1101824K
  class space    used 6997K, capacity 7308K, committed 7424K, reserved 1048576K
Event: 38.941 GC heap after
Heap after GC invocations=15 (full 2):
 PSYoungGen      total 111104K, used 27773K [0x00000000eb200000, 0x00000000f5f80000, 0x0000000100000000)
  eden space 81408K, 0% used [0x00000000eb200000,0x00000000eb200000,0x00000000f0180000)
  from space 29696K, 93% used [0x00000000f0180000,0x00000000f1c9f640,0x00000000f1e80000)
  to   space 33792K, 0% used [0x00000000f3e80000,0x00000000f3e80000,0x00000000f5f80000)
 ParOldGen       total 69120K, used 33351K [0x00000000c1600000, 0x00000000c5980000, 0x00000000eb200000)
  object space 69120K, 48% used [0x00000000c1600000,0x00000000c3691e60,0x00000000c5980000)
 Metaspace       used 57908K, capacity 58924K, committed 59136K, reserved 1101824K
  class space    used 6997K, capacity 7308K, committed 7424K, reserved 1048576K
}
Event: 38.941 GC heap before
{Heap before GC invocations=16 (full 3):
 PSYoungGen      total 111104K, used 27773K [0x00000000eb200000, 0x00000000f5f80000, 0x0000000100000000)
  eden space 81408K, 0% used [0x00000000eb200000,0x00000000eb200000,0x00000000f0180000)
  from space 29696K, 93% used [0x00000000f0180000,0x00000000f1c9f640,0x00000000f1e80000)
  to   space 33792K, 0% used [0x00000000f3e80000,0x00000000f3e80000,0x00000000f5f80000)
 ParOldGen       total 69120K, used 33351K [0x00000000c1600000, 0x00000000c5980000, 0x00000000eb200000)
  object space 69120K, 48% used [0x00000000c1600000,0x00000000c3691e60,0x00000000c5980000)
 Metaspace       used 57908K, capacity 58924K, committed 59136K, reserved 1101824K
  class space    used 6997K, capacity 7308K, committed 7424K, reserved 1048576K
Event: 39.758 GC heap after
Heap after GC invocations=16 (full 3):
 PSYoungGen      total 111104K, used 0K [0x00000000eb200000, 0x00000000f5f80000, 0x0000000100000000)
  eden space 81408K, 0% used [0x00000000eb200000,0x00000000eb200000,0x00000000f0180000)
  from space 29696K, 0% used [0x00000000f0180000,0x00000000f0180000,0x00000000f1e80000)
  to   space 33792K, 0% used [0x00000000f3e80000,0x00000000f3e80000,0x00000000f5f80000)
 ParOldGen       total 69120K, used 47714K [0x00000000c1600000, 0x00000000c5980000, 0x00000000eb200000)
  object space 69120K, 69% used [0x00000000c1600000,0x00000000c4498858,0x00000000c5980000)
 Metaspace       used 57908K, capacity 58924K, committed 59136K, reserved 1101824K
  class space    used 6997K, capacity 7308K, committed 7424K, reserved 1048576K
}

Deoptimization events (10 events):
Event: 43.157 Thread 0x00000000029f9000 Uncommon trap: reason=class_check action=maybe_recompile pc=0x0000000004643bc0 method=kotlin.collections.CollectionsKt__MutableCollectionsKt.addAll(Ljava/util/Collection;Ljava/lang/Iterable;)Z @ 54
Event: 43.157 Thread 0x00000000029f9000 Uncommon trap: reason=class_check action=maybe_recompile pc=0x0000000004643bc0 method=kotlin.collections.CollectionsKt__MutableCollectionsKt.addAll(Ljava/util/Collection;Ljava/lang/Iterable;)Z @ 54
Event: 43.193 Thread 0x00000000029f9000 Uncommon trap: reason=unstable_if action=reinterpret pc=0x0000000003db36d8 method=org.jetbrains.kotlin.protobuf.GeneratedMessageLite$ExtendableMessage$ExtensionWriter.writeUntil(ILorg/jetbrains/kotlin/protobuf/CodedOutputStream;)V @ 109
Event: 43.332 Thread 0x00000000029f9000 Uncommon trap: reason=class_check action=maybe_recompile pc=0x00000000048ada7c method=org.jetbrains.org.objectweb.asm.tree.analysis.Frame.execute(Lorg/jetbrains/org/objectweb/asm/tree/AbstractInsnNode;Lorg/jetbrains/org/objectweb/asm/tree/analysis/Interpr
Event: 43.332 Thread 0x00000000029f9000 Uncommon trap: reason=class_check action=maybe_recompile pc=0x00000000048ada7c method=org.jetbrains.org.objectweb.asm.tree.analysis.Frame.execute(Lorg/jetbrains/org/objectweb/asm/tree/AbstractInsnNode;Lorg/jetbrains/org/objectweb/asm/tree/analysis/Interpr
Event: 43.650 Thread 0x00000000029f9000 Uncommon trap: reason=unstable_if action=reinterpret pc=0x00000000033f3150 method=org.jetbrains.org.objectweb.asm.Type.equals(Ljava/lang/Object;)Z @ 131
Event: 44.333 Thread 0x00000000029f9000 Uncommon trap: reason=bimorphic action=maybe_recompile pc=0x00000000041e8ca4 method=org.jetbrains.kotlin.descriptors.impl.ValueParameterDescriptorImpl.declaresDefaultValue()Z @ 28
Event: 44.337 Thread 0x00000000029f9000 Uncommon trap: reason=bimorphic action=maybe_recompile pc=0x00000000041e8ca4 method=org.jetbrains.kotlin.descriptors.impl.ValueParameterDescriptorImpl.declaresDefaultValue()Z @ 28
Event: 44.347 Thread 0x00000000029f9000 Uncommon trap: reason=bimorphic action=maybe_recompile pc=0x00000000041e8ca4 method=org.jetbrains.kotlin.descriptors.impl.ValueParameterDescriptorImpl.declaresDefaultValue()Z @ 28
Event: 44.389 Thread 0x00000000029f9000 Uncommon trap: reason=bimorphic action=maybe_recompile pc=0x00000000041e8ca4 method=org.jetbrains.kotlin.descriptors.impl.ValueParameterDescriptorImpl.declaresDefaultValue()Z @ 28

Classes redefined (0 events):
No events

Internal exceptions (10 events):
Event: 30.567 Thread 0x00000000029f9000 Implicit null exception at 0x0000000002d2a4d6 to 0x0000000002d2a865
Event: 32.107 Thread 0x00000000029f9000 Implicit null exception at 0x000000000435db30 to 0x000000000435db95
Event: 35.945 Thread 0x00000000029f9000 Implicit null exception at 0x0000000002d4c915 to 0x0000000002d4cb01
Event: 36.023 Thread 0x00000000029f9000 Implicit null exception at 0x000000000319870c to 0x0000000003198766
Event: 37.016 Thread 0x00000000029f9000 Implicit null exception at 0x0000000003f0871e to 0x0000000003f0e34d
Event: 37.863 Thread 0x00000000029f9000 Implicit null exception at 0x00000000033eee54 to 0x00000000033ef024
Event: 38.149 Thread 0x00000000029f9000 Exception <a 'java/lang/NoSuchMethodError': java.lang.Object.lambda$static$0(Ljava/lang/Throwable;Ljava/lang/String;)V> (0x00000000ebb5e6f0) thrown at [D:\src\AOSP-openjdk-cygwin\jdk8u\hotspot\src\share\vm\interpreter\linkResolver.cpp, line 620]
Event: 40.099 Thread 0x00000000029f9000 Exception <a 'java/lang/NoSuchMethodError': java.lang.Object.lambda$static$0(Lorg/jetbrains/kotlin/descriptors/ValueParameterDescriptor;Lorg/jetbrains/kotlin/codegen/ExpressionCodegen;)Lorg/jetbrains/kotlin/codegen/StackValue;> (0x00000000eb727be8) thrown
Event: 40.867 Thread 0x00000000029f9000 Exception <a 'java/lang/NoSuchMethodError': java.lang.Object.lambda$static$0(Ljava/lang/String;)Z> (0x00000000ec056e58) thrown at [D:\src\AOSP-openjdk-cygwin\jdk8u\hotspot\src\share\vm\interpreter\linkResolver.cpp, line 620]
Event: 40.868 Thread 0x00000000029f9000 Exception <a 'java/lang/NoSuchMethodError': java.lang.Object.lambda$static$1(Ljava/lang/String;)Z> (0x00000000ec059708) thrown at [D:\src\AOSP-openjdk-cygwin\jdk8u\hotspot\src\share\vm\interpreter\linkResolver.cpp, line 620]

Events (10 events):
Event: 45.124 Thread 0x0000000014eb4800 flushing nmethod 0x0000000004483410
Event: 45.124 Thread 0x0000000014eb4800 flushing nmethod 0x0000000004496b50
Event: 45.124 Thread 0x0000000014eb4800 flushing nmethod 0x00000000044a8e50
Event: 45.129 Thread 0x00000000029f9000 DEOPT PACKING pc=0x0000000003353246 sp=0x00000000029eded0
Event: 45.129 Thread 0x00000000029f9000 DEOPT UNPACKING pc=0x0000000002b371d0 sp=0x00000000029edbe8 mode 0
Event: 45.130 Thread 0x0000000014eb4800 flushing nmethod 0x00000000044d9850
Event: 45.187 loading class org/jetbrains/kotlin/codegen/context/MultifileClassPartContext
Event: 45.187 loading class org/jetbrains/kotlin/codegen/context/MultifileClassPartContext done
Event: 45.229 Thread 0x00000000029f9000 DEOPT PACKING pc=0x00000000047acc36 sp=0x00000000029ed2f0
Event: 45.229 Thread 0x00000000029f9000 DEOPT UNPACKING pc=0x0000000002b371d0 sp=0x00000000029ecfc8 mode 0


Dynamic libraries:
0x00007ff7c0330000 - 0x00007ff7c0361000 	C:\Program Files\Java\jdk-8\jre\bin\java.exe
0x00007ff9a4f60000 - 0x00007ff9a5131000 	C:\WINDOWS\SYSTEM32\ntdll.dll
0x00007ff9a4990000 - 0x00007ff9a4a3b000 	C:\WINDOWS\System32\KERNEL32.DLL
0x00007ff9a22b0000 - 0x00007ff9a24cd000 	C:\WINDOWS\System32\KERNELBASE.dll
0x00007ff9a3070000 - 0x00007ff9a3112000 	C:\WINDOWS\System32\ADVAPI32.dll
0x00007ff9a2a90000 - 0x00007ff9a2b2e000 	C:\WINDOWS\System32\msvcrt.dll
0x00007ff9a4730000 - 0x00007ff9a4789000 	C:\WINDOWS\System32\sechost.dll
0x00007ff9a4b00000 - 0x00007ff9a4c21000 	C:\WINDOWS\System32\RPCRT4.dll
0x00007ff9a2630000 - 0x00007ff9a2795000 	C:\WINDOWS\System32\USER32.dll
0x00007ff9a1f30000 - 0x00007ff9a1f4e000 	C:\WINDOWS\System32\win32u.dll
0x00007ff9a3030000 - 0x00007ff9a3064000 	C:\WINDOWS\System32\GDI32.dll
0x00007ff9a2060000 - 0x00007ff9a21e2000 	C:\WINDOWS\System32\gdi32full.dll
0x00007ff995a60000 - 0x00007ff995cd9000 	C:\WINDOWS\WinSxS\amd64_microsoft.windows.common-controls_6595b64144ccf1df_6.0.14393.0_none_2d0f50fcbdb171b8\COMCTL32.dll
0x00007ff9a4c30000 - 0x00007ff9a4ef7000 	C:\WINDOWS\System32\combase.dll
0x00007ff9a1e30000 - 0x00007ff9a1f25000 	C:\WINDOWS\System32\ucrtbase.dll
0x00007ff9a2240000 - 0x00007ff9a22aa000 	C:\WINDOWS\System32\bcryptPrimitives.dll
0x00007ff9a2a60000 - 0x00007ff9a2a8e000 	C:\WINDOWS\System32\IMM32.DLL
0x0000000057820000 - 0x00000000578f2000 	C:\Program Files\Java\jdk-8\jre\bin\msvcr100.dll
0x0000000056fd0000 - 0x0000000057816000 	C:\Program Files\Java\jdk-8\jre\bin\server\jvm.dll
0x00007ff9a2a50000 - 0x00007ff9a2a58000 	C:\WINDOWS\System32\PSAPI.DLL
0x00007ff994370000 - 0x00007ff994379000 	C:\WINDOWS\SYSTEM32\WSOCK32.dll
0x00007ff9a2fc0000 - 0x00007ff9a302a000 	C:\WINDOWS\System32\WS2_32.dll
0x00007ff99f1a0000 - 0x00007ff99f1c3000 	C:\WINDOWS\SYSTEM32\WINMM.dll
0x00007ff9950f0000 - 0x00007ff9950fa000 	C:\WINDOWS\SYSTEM32\VERSION.dll
0x00007ff99f140000 - 0x00007ff99f16b000 	C:\WINDOWS\SYSTEM32\WINMMBASE.dll
0x00007ff9a21f0000 - 0x00007ff9a2232000 	C:\WINDOWS\System32\cfgmgr32.dll
0x00007ff99ef50000 - 0x00007ff99ef5f000 	C:\Program Files\Java\jdk-8\jre\bin\verify.dll
0x00007ff98b360000 - 0x00007ff98b389000 	C:\Program Files\Java\jdk-8\jre\bin\java.dll
0x00007ff9885f0000 - 0x00007ff988606000 	C:\Program Files\Java\jdk-8\jre\bin\zip.dll
0x00007ff9a31c0000 - 0x00007ff9a46c8000 	C:\WINDOWS\System32\SHELL32.dll
0x00007ff9a1580000 - 0x00007ff9a1c5a000 	C:\WINDOWS\System32\windows.storage.dll
0x00007ff9a1480000 - 0x00007ff9a14cc000 	C:\WINDOWS\System32\powrprof.dll
0x00007ff9a46d0000 - 0x00007ff9a4722000 	C:\WINDOWS\System32\shlwapi.dll
0x00007ff9a1470000 - 0x00007ff9a147f000 	C:\WINDOWS\System32\kernel.appcore.dll
0x00007ff9a14d0000 - 0x00007ff9a1579000 	C:\WINDOWS\System32\shcore.dll
0x00007ff9a1440000 - 0x00007ff9a1454000 	C:\WINDOWS\System32\profapi.dll
0x00007ff97ea30000 - 0x00007ff97ea4a000 	C:\Program Files\Java\jdk-8\jre\bin\net.dll
0x00007ff9a0d10000 - 0x00007ff9a0d6c000 	C:\WINDOWS\system32\mswsock.dll
0x00007ff97cd60000 - 0x00007ff97cd71000 	C:\Program Files\Java\jdk-8\jre\bin\nio.dll

VM Arguments:
java_command: org.jetbrains.kotlin.cli.jvm.K2JVMCompiler -Xallow-no-source-files -classpath C:\Users\Vidi Fitriansyah H\.gradle\caches\modules-2\files-2.1\org.jetbrains.kotlin\kotlin-android-extensions-runtime\1.3.50\bec16087637a7cafe54894e73d38037977cb30d2\kotlin-android-extensions-runtime-1.3.50.jar;C:\Users\Vidi Fitriansyah H\.gradle\caches\modules-2\files-2.1\org.jetbrains.kotlin\kotlin-stdlib-jdk7\1.3.50\50ad05ea1c2595fb31b800e76db464d08d599af3\kotlin-stdlib-jdk7-1.3.50.jar;C:\Users\Vidi Fitriansyah H\.gradle\caches\transforms-2\files-2.1\5c9e4f45486214bd35a7c04a50d96044\core-ktx-1.3.1\jars\classes.jar;C:\Users\Vidi Fitriansyah H\.gradle\caches\modules-2\files-2.1\org.jetbrains.kotlinx\kotlinx-coroutines-core\1.3.2\c14f0ab931be503b44a600693df8b3f67b0af0f3\kotlinx-coroutines-core-1.3.2.jar;C:\Users\Vidi Fitriansyah H\.gradle\caches\modules-2\files-2.1\org.jetbrains.kotlin\kotlin-stdlib\1.3.71\898273189ad22779da6bed88ded39b14cb5fd432\kotlin-stdlib-1.3.71.jar;C:\Users\Vidi Fitriansyah H\.gradle\caches\modules-2\files-2.1\org.jetbrains.kotlin\kotlin-stdlib-common\1.3.71\e71c3fef58e26affeb03d675e91fd8abdd44aa7b\kotlin-stdlib-common-1.3.71.jar;C:\Users\Vidi Fitriansyah H\.gradle\caches\modules-2\files-2.1\org.jetbrains\annotations\16.0.1\c1a6655cebcac68e63e4c24d23f573035032eb2a\annotations-16.0.1.jar;C:\Users\Vidi Fitriansyah H\.gradle\caches\transforms-2\files-2.1\0c59e42970579c9c36ddd604ba39521e\appcompat-1.1.0\jars\classes.jar;C:\Users\Vidi Fitriansyah H\.gradle\caches\transforms-2\files-2.1\1801da69ca4d841f67e142879daca426\recyclerview-1.0.0\jars\classes.jar;C:\Users\Vidi Fitriansyah H\.gradle\caches\transforms-2\files-2.1\a92e45ec4fa68c7c4f494a840fe60d30\cardview-1.0.0\jars\classes.jar;C:\Users\Vidi Fitriansyah H\.gradle\caches\transforms-2\files-2.1\9be57793dd66ecf9203d97bf793a950a\legacy-support-v4-1.0.0\jars\classes.jar;C:\Users\Vidi Fitriansyah H\.gradle\caches\transforms-2\files-2.1\9eca2d67ba16850252a0e8f7032d79d7\legacy-support-core-ui-1.0.0\jars\classe
java_class_path (initial): C:\Users\Vidi Fitriansyah H\.gradle\caches\modules-2\files-2.1\org.jetbrains.kotlin\kotlin-compiler-embeddable\1.3.50\1251c1768e5769b06c2487d6f6cf8acf6efb8960\kotlin-compiler-embeddable-1.3.50.jar;C:\Users\Vidi Fitriansyah H\.gradle\caches\modules-2\files-2.1\org.jetbrains.kotlin\kotlin-reflect\1.3.50\b499f22fd7c3e9c2e5b6c4005221fa47fc7f9a7a\kotlin-reflect-1.3.50.jar;C:\Users\Vidi Fitriansyah H\.gradle\caches\modules-2\files-2.1\org.jetbrains.kotlin\kotlin-stdlib\1.3.50\b529d1738c7e98bbfa36a4134039528f2ce78ebf\kotlin-stdlib-1.3.50.jar;C:\Users\Vidi Fitriansyah H\.gradle\caches\modules-2\files-2.1\org.jetbrains.kotlin\kotlin-script-runtime\1.3.50\59492b8dfb92522ba0ddb5dd1c4d0ef0a4fca1af\kotlin-script-runtime-1.3.50.jar;C:\Users\Vidi Fitriansyah H\.gradle\caches\modules-2\files-2.1\org.jetbrains.kotlin\kotlin-daemon-embeddable\1.3.50\5cb93bb33f4c6f833ead0beca4c831668e00cf52\kotlin-daemon-embeddable-1.3.50.jar;C:\Users\Vidi Fitriansyah H\.gradle\caches\modules-2\files-2.1\org.jetbrains.intellij.deps\trove4j\1.0.20181211\216c2e14b070f334479d800987affe4054cd563f\trove4j-1.0.20181211.jar;C:\Users\Vidi Fitriansyah H\.gradle\caches\modules-2\files-2.1\org.jetbrains.kotlin\kotlin-stdlib-common\1.3.50\3d9cd3e1bc7b92e95f43d45be3bfbcf38e36ab87\kotlin-stdlib-common-1.3.50.jar;C:\Users\Vidi Fitriansyah H\.gradle\caches\modules-2\files-2.1\org.jetbrains\annotations\13.0\919f0dfe192fb4e063e7dacadee7f8bb9a2672a9\annotations-13.0.jar;C:\Program Files\Java\jdk-8\lib\tools.jar
Launcher Type: SUN_STANDARD

Environment Variables:
JAVA_HOME=C:\Program Files\Java\jdk-8
PATH=C:\Program Files (x86)\Common Files\Oracle\Java\javapath;C:\adb\adb_win_v1.0.26;C:\adb\adb_win_v1.0.26;C:\Program Files\Common Files\Microsoft Shared\Windows Live;C:\Program Files (x86)\Common Files\Microsoft Shared\Windows Live;C:\WINDOWS\system32;C:\WINDOWS;C:\WINDOWS\System32\Wbem;C:\WINDOWS\System32\WindowsPowerShell\v1.0\;C:\Program Files (x86)\Windows Live\Shared;C:\Program Files (x86)\MATLAB\R2009a\bin;C:\Program Files (x86)\MATLAB\R2009a\bin\win32;C:\Program Files (x86)\Common Files\lenovo\easyplussdk\bin;C:\Users\Vidi Fitriansyah H\AppData\Local\Programs\Python\Python36\Scripts;C:\Users\Vidi Fitriansyah H\AppData\Local\Programs\Python\Python36;C:\Python27;C:\Python37\Scripts;C:\Users\Vidi Fitriansyah H\AppData\Local\Microsoft\WindowsApps;C:\Program Files (x86)\IVI Foundation\VISA\WinNT\Bin\;C:\Program Files\IVI Foundation\VISA\Win64\Bin\;C:\Program Files (x86)\IVI Foundation\VISA\WinNT\Bin;C:\gradle\gradle-5.4.1\bin;%JAVA_HOME%\bin;C:\Program Files\Git\cmd;C:\Users\Vidi Fitriansyah H\AppData\Local\Microsoft\WindowsApps;;C:\Program Files\Microsoft VS Code\bin
USERNAME=Vidi Fitriansyah H
OS=Windows_NT
PROCESSOR_IDENTIFIER=Intel64 Family 6 Model 61 Stepping 4, GenuineIntel



---------------  S Y S T E M  ---------------

OS: Windows 10.0 , 64 bit Build 14393 (10.0.14393.0)

CPU:total 2 (initial active 2) (2 cores per cpu, 1 threads per core) family 6 model 61 stepping 4, cmov, cx8, fxsr, mmx, sse, sse2, sse3, ssse3, sse4.1, sse4.2, popcnt, clmul, erms, 3dnowpref, lzcnt, tsc, tscinvbit

Memory: 4k page, physical 4103692k(457652k free), swap 8224268k(5816k free)

vm_info: OpenJDK 64-Bit Server VM (25.202-b03) for windows-amd64 JRE (1.8.0_202-release-1483-b03), built by "builder" with MS VC++ 10.0 (VS2010)

time: Wed Aug 19 10:51:14 2020
timezone: SE Asia Standard Time
elapsed time: 45 seconds (0d 0h 0m 45s)

